<?xml version="1.0" encoding="UTF-8"?>
<!-- Generated by org.testng.reporters.JUnitReportReporter -->
<testsuite hostname="MSI" failures="0" tests="1" name="testpackage.LoginAutomationTest" time="30.657" errors="0" timestamp="7 Feb 2024 02:55:08 GMT">
  <testcase classname="testpackage.LoginAutomationTest" name="test" time="30.657"/>
</testsuite> <!-- testpackage.LoginAutomationTest -->
