<?xml version="1.0" encoding="UTF-8"?>
<!-- Generated by org.testng.reporters.JUnitReportReporter -->
<testsuite hostname="MSI" failures="0" tests="1" name="testpackage.PrintAccountNameAutomation" time="30.301" errors="0" timestamp="6 Feb 2024 16:39:35 GMT">
  <testcase classname="testpackage.PrintAccountNameAutomation" name="test" time="30.301"/>
</testsuite> <!-- testpackage.PrintAccountNameAutomation -->
