<?xml version="1.0" encoding="UTF-8"?>
<!-- Generated by org.testng.reporters.JUnitReportReporter -->
<testsuite hostname="MSI" failures="0" tests="1" name="testpackage.MavenTest1" time="30.826" errors="0" timestamp="7 Feb 2024 02:51:09 GMT">
  <testcase classname="testpackage.MavenTest1" name="test" time="30.826"/>
</testsuite> <!-- testpackage.MavenTest1 -->
