<?xml version="1.0" encoding="UTF-8"?>
<!-- Generated by org.testng.reporters.JUnitReportReporter -->
<testsuite hostname="MSI" failures="0" tests="1" name="testpackage.LoginAdminPageAutomation" time="38.493" errors="0" timestamp="6 Feb 2024 15:30:56 GMT">
  <testcase classname="testpackage.LoginAdminPageAutomation" name="test" time="38.493"/>
</testsuite> <!-- testpackage.LoginAdminPageAutomation -->
